[2015-03-03 08:36:28] production.ERROR: exception 'InvalidArgumentException' with message 'View [users.inlineview] not found.' in C:\wamp\www\laravel\31\source\protected\vendor\laravel\framework\src\Illuminate\View\FileViewFinder.php:139
Stack trace:
#0 C:\wamp\www\laravel\31\source\protected\vendor\laravel\framework\src\Illuminate\View\FileViewFinder.php(76): Illuminate\View\FileViewFinder->findInPaths('users.inlinevie...', Array)
#1 C:\wamp\www\laravel\31\source\protected\vendor\laravel\framework\src\Illuminate\View\Environment.php(115): Illuminate\View\FileViewFinder->find('users.inlinevie...')
#2 C:\wamp\www\laravel\31\source\protected\app\storage\views\86a1998b188caf6d72a5fd2314f36be0(120): Illuminate\View\Environment->make('users.inlinevie...', Array)
#3 C:\wamp\www\laravel\31\source\protected\vendor\laravel\framework\src\Illuminate\View\Engines\PhpEngine.php(37): include('C:\\wamp\\www\\lar...')
#4 C:\wamp\www\laravel\31\source\protected\vendor\laravel\framework\src\Illuminate\View\Engines\CompilerEngine.php(56): Illuminate\View\Engines\PhpEngine->evaluatePath('C:\\wamp\\www\\lar...', Array)
#5 C:\wamp\www\laravel\31\source\protected\vendor\laravel\framework\src\Illuminate\View\View.php(134): Illuminate\View\Engines\CompilerEngine->get('C:\\wamp\\www\\lar...', Array)
#6 C:\wamp\www\laravel\31\source\protected\vendor\laravel\framework\src\Illuminate\View\View.php(102): Illuminate\View\View->getContents()
#7 C:\wamp\www\laravel\31\source\protected\vendor\laravel\framework\src\Illuminate\View\View.php(76): Illuminate\View\View->renderContents()
#8 C:\wamp\www\laravel\31\source\protected\vendor\laravel\framework\src\Illuminate\View\View.php(150): Illuminate\View\View->render()
#9 C:\wamp\www\laravel\31\source\protected\vendor\laravel\framework\src\Illuminate\View\View.php(134): Illuminate\View\View->gatherData()
#10 C:\wamp\www\laravel\31\source\protected\vendor\laravel\framework\src\Illuminate\View\View.php(102): Illuminate\View\View->getContents()
#11 C:\wamp\www\laravel\31\source\protected\vendor\laravel\framework\src\Illuminate\View\View.php(76): Illuminate\View\View->renderContents()
#12 C:\wamp\www\laravel\31\source\protected\vendor\laravel\framework\src\Illuminate\Http\Response.php(70): Illuminate\View\View->render()
#13 C:\wamp\www\laravel\31\source\protected\vendor\symfony\http-foundation\Symfony\Component\HttpFoundation\Response.php(202): Illuminate\Http\Response->setContent(Object(Illuminate\View\View))
#14 C:\wamp\www\laravel\31\source\protected\vendor\laravel\framework\src\Illuminate\Routing\Router.php(1427): Symfony\Component\HttpFoundation\Response->__construct(Object(Illuminate\View\View))
#15 C:\wamp\www\laravel\31\source\protected\vendor\laravel\framework\src\Illuminate\Routing\Router.php(1003): Illuminate\Routing\Router->prepareResponse(Object(Illuminate\Http\Request), Object(Illuminate\View\View))
#16 C:\wamp\www\laravel\31\source\protected\vendor\laravel\framework\src\Illuminate\Routing\Router.php(968): Illuminate\Routing\Router->dispatchToRoute(Object(Illuminate\Http\Request))
#17 C:\wamp\www\laravel\31\source\protected\vendor\laravel\framework\src\Illuminate\Foundation\Application.php(738): Illuminate\Routing\Router->dispatch(Object(Illuminate\Http\Request))
#18 C:\wamp\www\laravel\31\source\protected\vendor\laravel\framework\src\Illuminate\Foundation\Application.php(708): Illuminate\Foundation\Application->dispatch(Object(Illuminate\Http\Request))
#19 C:\wamp\www\laravel\31\source\protected\vendor\laravel\framework\src\Illuminate\Http\FrameGuard.php(38): Illuminate\Foundation\Application->handle(Object(Illuminate\Http\Request), 1, true)
#20 C:\wamp\www\laravel\31\source\protected\vendor\laravel\framework\src\Illuminate\Session\Middleware.php(72): Illuminate\Http\FrameGuard->handle(Object(Illuminate\Http\Request), 1, true)
#21 C:\wamp\www\laravel\31\source\protected\vendor\laravel\framework\src\Illuminate\Cookie\Queue.php(47): Illuminate\Session\Middleware->handle(Object(Illuminate\Http\Request), 1, true)
#22 C:\wamp\www\laravel\31\source\protected\vendor\laravel\framework\src\Illuminate\Cookie\Guard.php(51): Illuminate\Cookie\Queue->handle(Object(Illuminate\Http\Request), 1, true)
#23 C:\wamp\www\laravel\31\source\protected\vendor\stack\builder\src\Stack\StackedHttpKernel.php(23): Illuminate\Cookie\Guard->handle(Object(Illuminate\Http\Request), 1, true)
#24 C:\wamp\www\laravel\31\source\protected\vendor\laravel\framework\src\Illuminate\Foundation\Application.php(606): Stack\StackedHttpKernel->handle(Object(Illuminate\Http\Request))
#25 C:\wamp\www\laravel\31\source\index.php(50): Illuminate\Foundation\Application->run()
#26 {main}

Next exception 'ErrorException' with message 'View [users.inlineview] not found. (View: C:\wamp\www\laravel\31\source\protected\app\views\users\index.blade.php)' in C:\wamp\www\laravel\31\source\protected\vendor\laravel\framework\src\Illuminate\View\FileViewFinder.php:139
Stack trace:
#0 C:\wamp\www\laravel\31\source\protected\vendor\laravel\framework\src\Illuminate\View\Engines\PhpEngine.php(41): Illuminate\View\Engines\CompilerEngine->handleViewException(Object(InvalidArgumentException))
#1 C:\wamp\www\laravel\31\source\protected\vendor\laravel\framework\src\Illuminate\View\Engines\CompilerEngine.php(56): Illuminate\View\Engines\PhpEngine->evaluatePath('C:\\wamp\\www\\lar...', Array)
#2 C:\wamp\www\laravel\31\source\protected\vendor\laravel\framework\src\Illuminate\View\View.php(134): Illuminate\View\Engines\CompilerEngine->get('C:\\wamp\\www\\lar...', Array)
#3 C:\wamp\www\laravel\31\source\protected\vendor\laravel\framework\src\Illuminate\View\View.php(102): Illuminate\View\View->getContents()
#4 C:\wamp\www\laravel\31\source\protected\vendor\laravel\framework\src\Illuminate\View\View.php(76): Illuminate\View\View->renderContents()
#5 C:\wamp\www\laravel\31\source\protected\vendor\laravel\framework\src\Illuminate\View\View.php(150): Illuminate\View\View->render()
#6 C:\wamp\www\laravel\31\source\protected\vendor\laravel\framework\src\Illuminate\View\View.php(134): Illuminate\View\View->gatherData()
#7 C:\wamp\www\laravel\31\source\protected\vendor\laravel\framework\src\Illuminate\View\View.php(102): Illuminate\View\View->getContents()
#8 C:\wamp\www\laravel\31\source\protected\vendor\laravel\framework\src\Illuminate\View\View.php(76): Illuminate\View\View->renderContents()
#9 C:\wamp\www\laravel\31\source\protected\vendor\laravel\framework\src\Illuminate\Http\Response.php(70): Illuminate\View\View->render()
#10 C:\wamp\www\laravel\31\source\protected\vendor\symfony\http-foundation\Symfony\Component\HttpFoundation\Response.php(202): Illuminate\Http\Response->setContent(Object(Illuminate\View\View))
#11 C:\wamp\www\laravel\31\source\protected\vendor\laravel\framework\src\Illuminate\Routing\Router.php(1427): Symfony\Component\HttpFoundation\Response->__construct(Object(Illuminate\View\View))
#12 C:\wamp\www\laravel\31\source\protected\vendor\laravel\framework\src\Illuminate\Routing\Router.php(1003): Illuminate\Routing\Router->prepareResponse(Object(Illuminate\Http\Request), Object(Illuminate\View\View))
#13 C:\wamp\www\laravel\31\source\protected\vendor\laravel\framework\src\Illuminate\Routing\Router.php(968): Illuminate\Routing\Router->dispatchToRoute(Object(Illuminate\Http\Request))
#14 C:\wamp\www\laravel\31\source\protected\vendor\laravel\framework\src\Illuminate\Foundation\Application.php(738): Illuminate\Routing\Router->dispatch(Object(Illuminate\Http\Request))
#15 C:\wamp\www\laravel\31\source\protected\vendor\laravel\framework\src\Illuminate\Foundation\Application.php(708): Illuminate\Foundation\Application->dispatch(Object(Illuminate\Http\Request))
#16 C:\wamp\www\laravel\31\source\protected\vendor\laravel\framework\src\Illuminate\Http\FrameGuard.php(38): Illuminate\Foundation\Application->handle(Object(Illuminate\Http\Request), 1, true)
#17 C:\wamp\www\laravel\31\source\protected\vendor\laravel\framework\src\Illuminate\Session\Middleware.php(72): Illuminate\Http\FrameGuard->handle(Object(Illuminate\Http\Request), 1, true)
#18 C:\wamp\www\laravel\31\source\protected\vendor\laravel\framework\src\Illuminate\Cookie\Queue.php(47): Illuminate\Session\Middleware->handle(Object(Illuminate\Http\Request), 1, true)
#19 C:\wamp\www\laravel\31\source\protected\vendor\laravel\framework\src\Illuminate\Cookie\Guard.php(51): Illuminate\Cookie\Queue->handle(Object(Illuminate\Http\Request), 1, true)
#20 C:\wamp\www\laravel\31\source\protected\vendor\stack\builder\src\Stack\StackedHttpKernel.php(23): Illuminate\Cookie\Guard->handle(Object(Illuminate\Http\Request), 1, true)
#21 C:\wamp\www\laravel\31\source\protected\vendor\laravel\framework\src\Illuminate\Foundation\Application.php(606): Stack\StackedHttpKernel->handle(Object(Illuminate\Http\Request))
#22 C:\wamp\www\laravel\31\source\index.php(50): Illuminate\Foundation\Application->run()
#23 {main} [] []
[2015-03-04 01:58:58] production.ERROR: exception 'Symfony\Component\HttpKernel\Exception\NotFoundHttpException' in C:\wamp\www\laravel\31\source\protected\vendor\laravel\framework\src\Illuminate\Routing\RouteCollection.php:146
Stack trace:
#0 C:\wamp\www\laravel\31\source\protected\vendor\laravel\framework\src\Illuminate\Routing\Router.php(1021): Illuminate\Routing\RouteCollection->match(Object(Illuminate\Http\Request))
#1 C:\wamp\www\laravel\31\source\protected\vendor\laravel\framework\src\Illuminate\Routing\Router.php(989): Illuminate\Routing\Router->findRoute(Object(Illuminate\Http\Request))
#2 C:\wamp\www\laravel\31\source\protected\vendor\laravel\framework\src\Illuminate\Routing\Router.php(968): Illuminate\Routing\Router->dispatchToRoute(Object(Illuminate\Http\Request))
#3 C:\wamp\www\laravel\31\source\protected\vendor\laravel\framework\src\Illuminate\Foundation\Application.php(738): Illuminate\Routing\Router->dispatch(Object(Illuminate\Http\Request))
#4 C:\wamp\www\laravel\31\source\protected\vendor\laravel\framework\src\Illuminate\Foundation\Application.php(708): Illuminate\Foundation\Application->dispatch(Object(Illuminate\Http\Request))
#5 C:\wamp\www\laravel\31\source\protected\vendor\laravel\framework\src\Illuminate\Http\FrameGuard.php(38): Illuminate\Foundation\Application->handle(Object(Illuminate\Http\Request), 1, true)
#6 C:\wamp\www\laravel\31\source\protected\vendor\laravel\framework\src\Illuminate\Session\Middleware.php(72): Illuminate\Http\FrameGuard->handle(Object(Illuminate\Http\Request), 1, true)
#7 C:\wamp\www\laravel\31\source\protected\vendor\laravel\framework\src\Illuminate\Cookie\Queue.php(47): Illuminate\Session\Middleware->handle(Object(Illuminate\Http\Request), 1, true)
#8 C:\wamp\www\laravel\31\source\protected\vendor\laravel\framework\src\Illuminate\Cookie\Guard.php(51): Illuminate\Cookie\Queue->handle(Object(Illuminate\Http\Request), 1, true)
#9 C:\wamp\www\laravel\31\source\protected\vendor\stack\builder\src\Stack\StackedHttpKernel.php(23): Illuminate\Cookie\Guard->handle(Object(Illuminate\Http\Request), 1, true)
#10 C:\wamp\www\laravel\31\source\protected\vendor\laravel\framework\src\Illuminate\Foundation\Application.php(606): Stack\StackedHttpKernel->handle(Object(Illuminate\Http\Request))
#11 C:\wamp\www\laravel\31\source\index.php(50): Illuminate\Foundation\Application->run()
#12 {main} [] []
